This is pdfTeX, Version 3.1415926-2.3-1.40.12 (MiKTeX 2.9 64-bit) (preloaded format=pdflatex 2012.5.9)  2 JUN 2014 15:41
entering extended mode
**Model*Identificaiton.tex
("E:\UWPhDWork\ModelFittingIFFL\Model Identificaiton.tex"
LaTeX2e <2011/06/27>
Babel <v3.8m> and hyphenation patterns for english, afrikaans, ancientgreek, ar
abic, armenian, assamese, basque, bengali, bokmal, bulgarian, catalan, coptic, 
croatian, czech, danish, dutch, esperanto, estonian, farsi, finnish, french, ga
lician, german, german-x-2009-06-19, greek, gujarati, hindi, hungarian, iceland
ic, indonesian, interlingua, irish, italian, kannada, kurmanji, lao, latin, lat
vian, lithuanian, malayalam, marathi, mongolian, mongolianlmc, monogreek, ngerm
an, ngerman-x-2009-06-19, nynorsk, oriya, panjabi, pinyin, polish, portuguese, 
romanian, russian, sanskrit, serbian, slovak, slovenian, spanish, swedish, swis
sgerman, tamil, telugu, turkish, turkmen, ukenglish, ukrainian, uppersorbian, u
senglishmax, welsh, loaded.
("E:\Program Files\MiKTeX 2.9\tex\latex\base\article.cls"
Document Class: article 2007/10/19 v1.4h Standard LaTeX document class
("E:\Program Files\MiKTeX 2.9\tex\latex\base\size10.clo"
File: size10.clo 2007/10/19 v1.4h Standard LaTeX file (size option)
)
\c@part=\count79
\c@section=\count80
\c@subsection=\count81
\c@subsubsection=\count82
\c@paragraph=\count83
\c@subparagraph=\count84
\c@figure=\count85
\c@table=\count86
\abovecaptionskip=\skip41
\belowcaptionskip=\skip42
\bibindent=\dimen102
)
("E:\Program Files\MiKTeX 2.9\tex\latex\geometry\geometry.sty"
Package: geometry 2010/09/12 v5.6 Page Geometry

("E:\Program Files\MiKTeX 2.9\tex\latex\graphics\keyval.sty"
Package: keyval 1999/03/16 v1.13 key=value parser (DPC)
\KV@toks@=\toks14
)
("E:\Program Files\MiKTeX 2.9\tex\generic\oberdiek\ifpdf.sty"
Package: ifpdf 2011/01/30 v2.3 Provides the ifpdf switch (HO)
Package ifpdf Info: pdfTeX in PDF mode is detected.
)
("E:\Program Files\MiKTeX 2.9\tex\generic\oberdiek\ifvtex.sty"
Package: ifvtex 2010/03/01 v1.5 Switches for detecting VTeX and its modes (HO)
Package ifvtex Info: VTeX not detected.
)
("E:\Program Files\MiKTeX 2.9\tex\generic\ifxetex\ifxetex.sty"
Package: ifxetex 2010/09/12 v0.6 Provides ifxetex conditional
)
\Gm@cnth=\count87
\Gm@cntv=\count88
\c@Gm@tempcnt=\count89
\Gm@bindingoffset=\dimen103
\Gm@wd@mp=\dimen104
\Gm@odd@mp=\dimen105
\Gm@even@mp=\dimen106
\Gm@layoutwidth=\dimen107
\Gm@layoutheight=\dimen108
\Gm@layouthoffset=\dimen109
\Gm@layoutvoffset=\dimen110
\Gm@dimlist=\toks15

("E:\Program Files\MiKTeX 2.9\tex\latex\geometry\geometry.cfg"))
("E:\Program Files\MiKTeX 2.9\tex\latex\graphics\epsfig.sty"
Package: epsfig 1999/02/16 v1.7a (e)psfig emulation (SPQR)

("E:\Program Files\MiKTeX 2.9\tex\latex\graphics\graphicx.sty"
Package: graphicx 1999/02/16 v1.0f Enhanced LaTeX Graphics (DPC,SPQR)

("E:\Program Files\MiKTeX 2.9\tex\latex\graphics\graphics.sty"
Package: graphics 2009/02/05 v1.0o Standard LaTeX Graphics (DPC,SPQR)

("E:\Program Files\MiKTeX 2.9\tex\latex\graphics\trig.sty"
Package: trig 1999/03/16 v1.09 sin cos tan (DPC)
)
("E:\Program Files\MiKTeX 2.9\tex\latex\00miktex\graphics.cfg"
File: graphics.cfg 2007/01/18 v1.5 graphics configuration of teTeX/TeXLive
)
Package graphics Info: Driver file: pdftex.def on input line 91.

("E:\Program Files\MiKTeX 2.9\tex\latex\pdftex-def\pdftex.def"
File: pdftex.def 2011/05/27 v0.06d Graphics/color for pdfTeX

("E:\Program Files\MiKTeX 2.9\tex\generic\oberdiek\infwarerr.sty"
Package: infwarerr 2010/04/08 v1.3 Providing info/warning/message (HO)
)
("E:\Program Files\MiKTeX 2.9\tex\generic\oberdiek\ltxcmds.sty"
Package: ltxcmds 2011/04/18 v1.20 LaTeX kernel commands for general use (HO)
)
\Gread@gobject=\count90
))
\Gin@req@height=\dimen111
\Gin@req@width=\dimen112
)
\epsfxsize=\dimen113
\epsfysize=\dimen114
)
("E:\Program Files\MiKTeX 2.9\tex\latex\ams\math\amsmath.sty"
Package: amsmath 2000/07/18 v2.13 AMS math features
\@mathmargin=\skip43

For additional information on amsmath, use the `?' option.
("E:\Program Files\MiKTeX 2.9\tex\latex\ams\math\amstext.sty"
Package: amstext 2000/06/29 v2.01

("E:\Program Files\MiKTeX 2.9\tex\latex\ams\math\amsgen.sty"
File: amsgen.sty 1999/11/30 v2.0
\@emptytoks=\toks16
\ex@=\dimen115
))
("E:\Program Files\MiKTeX 2.9\tex\latex\ams\math\amsbsy.sty"
Package: amsbsy 1999/11/29 v1.2d
\pmbraise@=\dimen116
)
("E:\Program Files\MiKTeX 2.9\tex\latex\ams\math\amsopn.sty"
Package: amsopn 1999/12/14 v2.01 operator names
)
\inf@bad=\count91
LaTeX Info: Redefining \frac on input line 211.
\uproot@=\count92
\leftroot@=\count93
LaTeX Info: Redefining \overline on input line 307.
\classnum@=\count94
\DOTSCASE@=\count95
LaTeX Info: Redefining \ldots on input line 379.
LaTeX Info: Redefining \dots on input line 382.
LaTeX Info: Redefining \cdots on input line 467.
\Mathstrutbox@=\box26
\strutbox@=\box27
\big@size=\dimen117
LaTeX Font Info:    Redeclaring font encoding OML on input line 567.
LaTeX Font Info:    Redeclaring font encoding OMS on input line 568.
\macc@depth=\count96
\c@MaxMatrixCols=\count97
\dotsspace@=\muskip10
\c@parentequation=\count98
\dspbrk@lvl=\count99
\tag@help=\toks17
\row@=\count100
\column@=\count101
\maxfields@=\count102
\andhelp@=\toks18
\eqnshift@=\dimen118
\alignsep@=\dimen119
\tagshift@=\dimen120
\tagwidth@=\dimen121
\totwidth@=\dimen122
\lineht@=\dimen123
\@envbody=\toks19
\multlinegap=\skip44
\multlinetaggap=\skip45
\mathdisplay@stack=\toks20
LaTeX Info: Redefining \[ on input line 2666.
LaTeX Info: Redefining \] on input line 2667.
)
("E:\Program Files\MiKTeX 2.9\tex\latex\subfigure\subfigure.sty"
Package: subfigure 2002/07/30 v2.1.4 subfigure package
\subfigtopskip=\skip46
\subfigcapskip=\skip47
\subfigcaptopadj=\dimen124
\subfigbottomskip=\skip48
\subfigcapmargin=\dimen125
\subfiglabelskip=\skip49
\c@subfigure=\count103
\c@lofdepth=\count104
\c@subtable=\count105
\c@lotdepth=\count106

****************************************
* Local config file subfigure.cfg used *
****************************************
("E:\Program Files\MiKTeX 2.9\tex\latex\subfigure\subfigure.cfg")
\subfig@top=\skip50
\subfig@bottom=\skip51
)
("E:\UWPhDWork\ModelFittingIFFL\Model Identificaiton.aux"

LaTeX Warning: Label `paramTableOpenFish' multiply defined.


LaTeX Warning: Label `resultsPV_FishUpdated' multiply defined.

)
LaTeX Font Info:    Checking defaults for OML/cmm/m/it on input line 26.
LaTeX Font Info:    ... okay on input line 26.
LaTeX Font Info:    Checking defaults for T1/cmr/m/n on input line 26.
LaTeX Font Info:    ... okay on input line 26.
LaTeX Font Info:    Checking defaults for OT1/cmr/m/n on input line 26.
LaTeX Font Info:    ... okay on input line 26.
LaTeX Font Info:    Checking defaults for OMS/cmsy/m/n on input line 26.
LaTeX Font Info:    ... okay on input line 26.
LaTeX Font Info:    Checking defaults for OMX/cmex/m/n on input line 26.
LaTeX Font Info:    ... okay on input line 26.
LaTeX Font Info:    Checking defaults for U/cmr/m/n on input line 26.
LaTeX Font Info:    ... okay on input line 26.

*geometry* driver: auto-detecting
*geometry* detected driver: pdftex
*geometry* verbose mode - [ preamble ] result:
* driver: pdftex
* paper: <default>
* layout: <same size as paper>
* layoutoffset:(h,v)=(0.0pt,0.0pt)
* modes: 
* h-part:(L,W,R)=(72.26999pt, 469.75502pt, 72.26999pt)
* v-part:(T,H,B)=(72.26999pt, 650.43001pt, 72.26999pt)
* \paperwidth=614.295pt
* \paperheight=794.96999pt
* \textwidth=469.75502pt
* \textheight=650.43001pt
* \oddsidemargin=0.0pt
* \evensidemargin=0.0pt
* \topmargin=-37.0pt
* \headheight=12.0pt
* \headsep=25.0pt
* \topskip=10.0pt
* \footskip=30.0pt
* \marginparwidth=65.0pt
* \marginparsep=11.0pt
* \columnsep=10.0pt
* \skip\footins=9.0pt plus 4.0pt minus 2.0pt
* \hoffset=0.0pt
* \voffset=0.0pt
* \mag=1000
* \@twocolumnfalse
* \@twosidefalse
* \@mparswitchfalse
* \@reversemarginfalse
* (1in=72.27pt=25.4mm, 1cm=28.453pt)

("E:\Program Files\MiKTeX 2.9\tex\context\base\supp-pdf.mkii"
[Loading MPS to PDF converter (version 2006.09.02).]
\scratchcounter=\count107
\scratchdimen=\dimen126
\scratchbox=\box28
\nofMPsegments=\count108
\nofMParguments=\count109
\everyMPshowfont=\toks21
\MPscratchCnt=\count110
\MPscratchDim=\dimen127
\MPnumerator=\count111
\makeMPintoPDFobject=\count112
\everyMPtoPDFconversion=\toks22
)
LaTeX Font Info:    Try loading font information for OMS+cmr on input line 39.
 ("E:\Program Files\MiKTeX 2.9\tex\latex\base\omscmr.fd"
File: omscmr.fd 1999/05/25 v2.5h Standard LaTeX font definitions
)
LaTeX Font Info:    Font shape `OMS/cmr/m/n' in size <10> not available
(Font)              Font shape `OMS/cmsy/m/n' tried instead on input line 39.
 [1

{C:/ProgramData/MiKTeX/2.9/pdftex/config/pdftex.map}]
<IFFL_Alex_pv/model4mRNAcont.jpg, id=13, 1204.5pt x 903.375pt>
File: IFFL_Alex_pv/model4mRNAcont.jpg Graphic file (type jpg)

<use IFFL_Alex_pv/model4mRNAcont.jpg>
Package pdftex.def Info: IFFL_Alex_pv/model4mRNAcont.jpg used on input line 116
.
(pdftex.def)             Requested size: 120.45705pt x 90.34279pt.

<IFFL_Alex_pv/model4miRNAcont.jpg, id=14, 1204.5pt x 903.375pt>
File: IFFL_Alex_pv/model4miRNAcont.jpg Graphic file (type jpg)

<use IFFL_Alex_pv/model4miRNAcont.jpg>
Package pdftex.def Info: IFFL_Alex_pv/model4miRNAcont.jpg used on input line 11
7.
(pdftex.def)             Requested size: 120.45705pt x 90.34279pt.

<IFFL_Alex_pv/model4pcont.jpg, id=15, 1204.5pt x 903.375pt>
File: IFFL_Alex_pv/model4pcont.jpg Graphic file (type jpg)

<use IFFL_Alex_pv/model4pcont.jpg>
Package pdftex.def Info: IFFL_Alex_pv/model4pcont.jpg used on input line 118.
(pdftex.def)             Requested size: 120.45705pt x 90.34279pt.


LaTeX Warning: `!h' float specifier changed to `!ht'.

<IFFL_Alex_d3/model4mRNAcont.jpg, id=16, 1204.5pt x 903.375pt>
File: IFFL_Alex_d3/model4mRNAcont.jpg Graphic file (type jpg)

<use IFFL_Alex_d3/model4mRNAcont.jpg>
Package pdftex.def Info: IFFL_Alex_d3/model4mRNAcont.jpg used on input line 125
.
(pdftex.def)             Requested size: 120.45705pt x 90.34279pt.

<IFFL_Alex_d3/model4miRNAcont.jpg, id=17, 1204.5pt x 903.375pt>
File: IFFL_Alex_d3/model4miRNAcont.jpg Graphic file (type jpg)

<use IFFL_Alex_d3/model4miRNAcont.jpg>
Package pdftex.def Info: IFFL_Alex_d3/model4miRNAcont.jpg used on input line 12
6.
(pdftex.def)             Requested size: 120.45705pt x 90.34279pt.

<IFFL_Alex_d3/model4pcont.jpg, id=18, 1204.5pt x 903.375pt>
File: IFFL_Alex_d3/model4pcont.jpg Graphic file (type jpg)

<use IFFL_Alex_d3/model4pcont.jpg>
Package pdftex.def Info: IFFL_Alex_d3/model4pcont.jpg used on input line 127.
(pdftex.def)             Requested size: 120.45705pt x 90.34279pt.


LaTeX Warning: `!h' float specifier changed to `!ht'.

<IFFL_Alex_d23/model4mRNAcont.jpg, id=19, 1204.5pt x 903.375pt>
File: IFFL_Alex_d23/model4mRNAcont.jpg Graphic file (type jpg)

<use IFFL_Alex_d23/model4mRNAcont.jpg>
Package pdftex.def Info: IFFL_Alex_d23/model4mRNAcont.jpg used on input line 13
4.
(pdftex.def)             Requested size: 120.45705pt x 90.34279pt.

<IFFL_Alex_d23/model4miRNAcont.jpg, id=20, 1204.5pt x 903.375pt>
File: IFFL_Alex_d23/model4miRNAcont.jpg Graphic file (type jpg)

<use IFFL_Alex_d23/model4miRNAcont.jpg>
Package pdftex.def Info: IFFL_Alex_d23/model4miRNAcont.jpg used on input line 1
35.
(pdftex.def)             Requested size: 120.45705pt x 90.34279pt.

<IFFL_Alex_d23/model4pcont.jpg, id=21, 1204.5pt x 903.375pt>
File: IFFL_Alex_d23/model4pcont.jpg Graphic file (type jpg)

<use IFFL_Alex_d23/model4pcont.jpg>
Package pdftex.def Info: IFFL_Alex_d23/model4pcont.jpg used on input line 136.
(pdftex.def)             Requested size: 120.45705pt x 90.34279pt.


LaTeX Warning: `!h' float specifier changed to `!ht'.

<IFFL_Alex_d123/model4mRNAcont.jpg, id=22, 1204.5pt x 903.375pt>
File: IFFL_Alex_d123/model4mRNAcont.jpg Graphic file (type jpg)

<use IFFL_Alex_d123/model4mRNAcont.jpg>
Package pdftex.def Info: IFFL_Alex_d123/model4mRNAcont.jpg used on input line 1
43.
(pdftex.def)             Requested size: 120.45705pt x 90.34279pt.

<IFFL_Alex_d123/model4miRNAcont.jpg, id=23, 1204.5pt x 903.375pt>
File: IFFL_Alex_d123/model4miRNAcont.jpg Graphic file (type jpg)

<use IFFL_Alex_d123/model4miRNAcont.jpg>
Package pdftex.def Info: IFFL_Alex_d123/model4miRNAcont.jpg used on input line 
144.
(pdftex.def)             Requested size: 120.45705pt x 90.34279pt.

<IFFL_Alex_d123/model4pcont.jpg, id=24, 1204.5pt x 903.375pt>
File: IFFL_Alex_d123/model4pcont.jpg Graphic file (type jpg)

<use IFFL_Alex_d123/model4pcont.jpg>
Package pdftex.def Info: IFFL_Alex_d123/model4pcont.jpg used on input line 145.

(pdftex.def)             Requested size: 120.45705pt x 90.34279pt.


LaTeX Warning: `!h' float specifier changed to `!ht'.

[2]

LaTeX Warning: `!h' float specifier changed to `!ht'.

<IFFL_Alex_p_FISH/model4mRNAcont.jpg, id=28, 1204.5pt x 903.375pt>
File: IFFL_Alex_p_FISH/model4mRNAcont.jpg Graphic file (type jpg)

<use IFFL_Alex_p_FISH/model4mRNAcont.jpg>
Package pdftex.def Info: IFFL_Alex_p_FISH/model4mRNAcont.jpg used on input line
 177.
(pdftex.def)             Requested size: 120.45705pt x 90.34279pt.

<IFFL_Alex_p_FISH/model4miRNAcont.jpg, id=29, 1204.5pt x 903.375pt>
File: IFFL_Alex_p_FISH/model4miRNAcont.jpg Graphic file (type jpg)

<use IFFL_Alex_p_FISH/model4miRNAcont.jpg>
Package pdftex.def Info: IFFL_Alex_p_FISH/model4miRNAcont.jpg used on input lin
e 178.
(pdftex.def)             Requested size: 120.45705pt x 90.34279pt.

<IFFL_Alex_p_FISH/model4pcont.jpg, id=30, 1204.5pt x 903.375pt>
File: IFFL_Alex_p_FISH/model4pcont.jpg Graphic file (type jpg)

<use IFFL_Alex_p_FISH/model4pcont.jpg>
Package pdftex.def Info: IFFL_Alex_p_FISH/model4pcont.jpg used on input line 17
9.
(pdftex.def)             Requested size: 120.45705pt x 90.34279pt.


LaTeX Warning: `!h' float specifier changed to `!ht'.

[3 <E:/UWPhDWork/ModelFittingIFFL/IFFL_Alex_pv/model4mRNAcont.jpg> <E:/UWPhDWor
k/ModelFittingIFFL/IFFL_Alex_pv/model4miRNAcont.jpg> <E:/UWPhDWork/ModelFitting
IFFL/IFFL_Alex_pv/model4pcont.jpg> <E:/UWPhDWork/ModelFittingIFFL/IFFL_Alex_d3/
model4mRNAcont.jpg> <E:/UWPhDWork/ModelFittingIFFL/IFFL_Alex_d3/model4miRNAcont
.jpg> <E:/UWPhDWork/ModelFittingIFFL/IFFL_Alex_d3/model4pcont.jpg> <E:/UWPhDWor
k/ModelFittingIFFL/IFFL_Alex_d23/model4mRNAcont.jpg> <E:/UWPhDWork/ModelFitting
IFFL/IFFL_Alex_d23/model4miRNAcont.jpg> <E:/UWPhDWork/ModelFittingIFFL/IFFL_Ale
x_d23/model4pcont.jpg> <E:/UWPhDWork/ModelFittingIFFL/IFFL_Alex_d123/model4mRNA
cont.jpg> <E:/UWPhDWork/ModelFittingIFFL/IFFL_Alex_d123/model4miRNAcont.jpg> <E
:/UWPhDWork/ModelFittingIFFL/IFFL_Alex_d123/model4pcont.jpg>]
<IFFL_Alex_pv_FISH/model4mRNAcont.jpg, id=35, 1204.5pt x 903.375pt>
File: IFFL_Alex_pv_FISH/model4mRNAcont.jpg Graphic file (type jpg)

<use IFFL_Alex_pv_FISH/model4mRNAcont.jpg>
Package pdftex.def Info: IFFL_Alex_pv_FISH/model4mRNAcont.jpg used on input lin
e 209.
(pdftex.def)             Requested size: 120.45705pt x 90.34279pt.

<IFFL_Alex_pv_FISH/model4miRNAcont.jpg, id=36, 1204.5pt x 903.375pt>
File: IFFL_Alex_pv_FISH/model4miRNAcont.jpg Graphic file (type jpg)

<use IFFL_Alex_pv_FISH/model4miRNAcont.jpg>
Package pdftex.def Info: IFFL_Alex_pv_FISH/model4miRNAcont.jpg used on input li
ne 210.
(pdftex.def)             Requested size: 120.45705pt x 90.34279pt.

<IFFL_Alex_pv_FISH/model4pcont.jpg, id=37, 1204.5pt x 903.375pt>
File: IFFL_Alex_pv_FISH/model4pcont.jpg Graphic file (type jpg)

<use IFFL_Alex_pv_FISH/model4pcont.jpg>
Package pdftex.def Info: IFFL_Alex_pv_FISH/model4pcont.jpg used on input line 2
11.
(pdftex.def)             Requested size: 120.45705pt x 90.34279pt.

<IFFL_Alex_pv_FISH/model4mRNAopencont.jpg, id=38, 1204.5pt x 903.375pt>
File: IFFL_Alex_pv_FISH/model4mRNAopencont.jpg Graphic file (type jpg)

<use IFFL_Alex_pv_FISH/model4mRNAopencont.jpg>
Package pdftex.def Info: IFFL_Alex_pv_FISH/model4mRNAopencont.jpg used on input
 line 222.
(pdftex.def)             Requested size: 120.45705pt x 90.34279pt.

<IFFL_Alex_pv_FISH/model4miRNAopencont.jpg, id=39, 1204.5pt x 903.375pt>
File: IFFL_Alex_pv_FISH/model4miRNAopencont.jpg Graphic file (type jpg)

<use IFFL_Alex_pv_FISH/model4miRNAopencont.jpg>
Package pdftex.def Info: IFFL_Alex_pv_FISH/model4miRNAopencont.jpg used on inpu
t line 223.
(pdftex.def)             Requested size: 120.45705pt x 90.34279pt.

<IFFL_Alex_pv_FISH/model4popencont.jpg, id=40, 1204.5pt x 903.375pt>
File: IFFL_Alex_pv_FISH/model4popencont.jpg Graphic file (type jpg)

<use IFFL_Alex_pv_FISH/model4popencont.jpg>
Package pdftex.def Info: IFFL_Alex_pv_FISH/model4popencont.jpg used on input li
ne 224.
(pdftex.def)             Requested size: 120.45705pt x 90.34279pt.
 [4 <E:/UWPhDWork/ModelFittingIFFL/IFFL_Alex_p_FISH/model4mRNAcont.jpg> <E:/UWP
hDWork/ModelFittingIFFL/IFFL_Alex_p_FISH/model4miRNAcont.jpg> <E:/UWPhDWork/Mod
elFittingIFFL/IFFL_Alex_p_FISH/model4pcont.jpg> <E:/UWPhDWork/ModelFittingIFFL/
IFFL_Alex_pv_FISH/model4mRNAcont.jpg> <E:/UWPhDWork/ModelFittingIFFL/IFFL_Alex_
pv_FISH/model4miRNAcont.jpg> <E:/UWPhDWork/ModelFittingIFFL/IFFL_Alex_pv_FISH/m
odel4pcont.jpg>]
<IFFL_Alex_pv_FISH/model4mRNAopencontupdated.jpg, id=44, 1204.5pt x 903.375pt>
File: IFFL_Alex_pv_FISH/model4mRNAopencontupdated.jpg Graphic file (type jpg)

<use IFFL_Alex_pv_FISH/model4mRNAopencontupdated.jpg>
Package pdftex.def Info: IFFL_Alex_pv_FISH/model4mRNAopencontupdated.jpg used o
n input line 233.
(pdftex.def)             Requested size: 120.45705pt x 90.34279pt.

<IFFL_Alex_pv_FISH/model4miRNAopencontupdated.jpg, id=45, 1204.5pt x 903.375pt>
File: IFFL_Alex_pv_FISH/model4miRNAopencontupdated.jpg Graphic file (type jpg)
<use IFFL_Alex_pv_FISH/model4miRNAopencontupdated.jpg>
Package pdftex.def Info: IFFL_Alex_pv_FISH/model4miRNAopencontupdated.jpg used 
on input line 234.
(pdftex.def)             Requested size: 120.45705pt x 90.34279pt.

<IFFL_Alex_pv_FISH/model4popencontupdated.jpg, id=46, 1204.5pt x 903.375pt>
File: IFFL_Alex_pv_FISH/model4popencontupdated.jpg Graphic file (type jpg)

<use IFFL_Alex_pv_FISH/model4popencontupdated.jpg>
Package pdftex.def Info: IFFL_Alex_pv_FISH/model4popencontupdated.jpg used on i
nput line 235.
(pdftex.def)             Requested size: 120.45705pt x 90.34279pt.

<IFFL_Alex_pv_FISH/model4mRNAopencontupdated2.jpg, id=47, 1204.5pt x 903.375pt>
File: IFFL_Alex_pv_FISH/model4mRNAopencontupdated2.jpg Graphic file (type jpg)
<use IFFL_Alex_pv_FISH/model4mRNAopencontupdated2.jpg>
Package pdftex.def Info: IFFL_Alex_pv_FISH/model4mRNAopencontupdated2.jpg used 
on input line 259.
(pdftex.def)             Requested size: 120.45705pt x 90.34279pt.

<IFFL_Alex_pv_FISH/model4miRNAopencontupdated2.jpg, id=48, 1204.5pt x 903.375pt
>
File: IFFL_Alex_pv_FISH/model4miRNAopencontupdated2.jpg Graphic file (type jpg)

 <use IFFL_Alex_pv_FISH/model4miRNAopencontupdated2.jpg>
Package pdftex.def Info: IFFL_Alex_pv_FISH/model4miRNAopencontupdated2.jpg used
 on input line 260.
(pdftex.def)             Requested size: 120.45705pt x 90.34279pt.

<IFFL_Alex_pv_FISH/model4popencontupdated2.jpg, id=49, 1204.5pt x 903.375pt>
File: IFFL_Alex_pv_FISH/model4popencontupdated2.jpg Graphic file (type jpg)

<use IFFL_Alex_pv_FISH/model4popencontupdated2.jpg>
Package pdftex.def Info: IFFL_Alex_pv_FISH/model4popencontupdated2.jpg used on 
input line 261.
(pdftex.def)             Requested size: 120.45705pt x 90.34279pt.


LaTeX Warning: `!h' float specifier changed to `!ht'.

[5 <E:/UWPhDWork/ModelFittingIFFL/IFFL_Alex_pv_FISH/model4mRNAopencont.jpg> <E:
/UWPhDWork/ModelFittingIFFL/IFFL_Alex_pv_FISH/model4miRNAopencont.jpg> <E:/UWPh
DWork/ModelFittingIFFL/IFFL_Alex_pv_FISH/model4popencont.jpg> <E:/UWPhDWork/Mod
elFittingIFFL/IFFL_Alex_pv_FISH/model4mRNAopencontupdated.jpg> <E:/UWPhDWork/Mo
delFittingIFFL/IFFL_Alex_pv_FISH/model4miRNAopencontupdated.jpg> <E:/UWPhDWork/
ModelFittingIFFL/IFFL_Alex_pv_FISH/model4popencontupdated.jpg>]
<MultiDox_pv_mod/Dox800pCont.jpg, id=53, 1204.5pt x 903.375pt>
File: MultiDox_pv_mod/Dox800pCont.jpg Graphic file (type jpg)

<use MultiDox_pv_mod/Dox800pCont.jpg>
Package pdftex.def Info: MultiDox_pv_mod/Dox800pCont.jpg used on input line 296
.
(pdftex.def)             Requested size: 120.45705pt x 90.34279pt.

<MultiDox_pv_mod/Dox1000pCont.jpg, id=54, 1204.5pt x 903.375pt>
File: MultiDox_pv_mod/Dox1000pCont.jpg Graphic file (type jpg)

<use MultiDox_pv_mod/Dox1000pCont.jpg>
Package pdftex.def Info: MultiDox_pv_mod/Dox1000pCont.jpg used on input line 29
7.
(pdftex.def)             Requested size: 120.45705pt x 90.34279pt.

<MultiDox_pv_mod/Dox1500pCont.jpg, id=55, 1204.5pt x 903.375pt>
File: MultiDox_pv_mod/Dox1500pCont.jpg Graphic file (type jpg)

<use MultiDox_pv_mod/Dox1500pCont.jpg>
Package pdftex.def Info: MultiDox_pv_mod/Dox1500pCont.jpg used on input line 29
8.
(pdftex.def)             Requested size: 120.45705pt x 90.34279pt.

<MultiDox_pv_mod/Dox2000pCont.jpg, id=56, 1204.5pt x 903.375pt>
File: MultiDox_pv_mod/Dox2000pCont.jpg Graphic file (type jpg)

<use MultiDox_pv_mod/Dox2000pCont.jpg>
Package pdftex.def Info: MultiDox_pv_mod/Dox2000pCont.jpg used on input line 29
9.
(pdftex.def)             Requested size: 120.45705pt x 90.34279pt.

<MultiDox_pv_mod/Dox2500pCont.jpg, id=57, 1204.5pt x 903.375pt>
File: MultiDox_pv_mod/Dox2500pCont.jpg Graphic file (type jpg)

<use MultiDox_pv_mod/Dox2500pCont.jpg>
Package pdftex.def Info: MultiDox_pv_mod/Dox2500pCont.jpg used on input line 30
0.
(pdftex.def)             Requested size: 120.45705pt x 90.34279pt.

<MultiDox_pv_mod/Dox5000pCont.jpg, id=58, 1204.5pt x 903.375pt>
File: MultiDox_pv_mod/Dox5000pCont.jpg Graphic file (type jpg)

<use MultiDox_pv_mod/Dox5000pCont.jpg>
Package pdftex.def Info: MultiDox_pv_mod/Dox5000pCont.jpg used on input line 30
1.
(pdftex.def)             Requested size: 120.45705pt x 90.34279pt.

<MultiDox_pv_mod/Dox15000pCont.jpg, id=59, 1204.5pt x 903.375pt>
File: MultiDox_pv_mod/Dox15000pCont.jpg Graphic file (type jpg)

<use MultiDox_pv_mod/Dox15000pCont.jpg>
Package pdftex.def Info: MultiDox_pv_mod/Dox15000pCont.jpg used on input line 3
02.
(pdftex.def)             Requested size: 120.45705pt x 90.34279pt.

<MultiDox_pv_mod/Dox1000000pCont.jpg, id=60, 1204.5pt x 903.375pt>
File: MultiDox_pv_mod/Dox1000000pCont.jpg Graphic file (type jpg)

<use MultiDox_pv_mod/Dox1000000pCont.jpg>
Package pdftex.def Info: MultiDox_pv_mod/Dox1000000pCont.jpg used on input line
 303.
(pdftex.def)             Requested size: 120.45705pt x 90.34279pt.
 [6 <E:/UWPhDWork/ModelFittingIFFL/IFFL_Alex_pv_FISH/model4mRNAopencontupdated2
.jpg> <E:/UWPhDWork/ModelFittingIFFL/IFFL_Alex_pv_FISH/model4miRNAopencontupdat
ed2.jpg> <E:/UWPhDWork/ModelFittingIFFL/IFFL_Alex_pv_FISH/model4popencontupdate
d2.jpg> <E:/UWPhDWork/ModelFittingIFFL/MultiDox_pv_mod/Dox800pCont.jpg> <E:/UWP
hDWork/ModelFittingIFFL/MultiDox_pv_mod/Dox1000pCont.jpg> <E:/UWPhDWork/ModelFi
ttingIFFL/MultiDox_pv_mod/Dox1500pCont.jpg> <E:/UWPhDWork/ModelFittingIFFL/Mult
iDox_pv_mod/Dox2000pCont.jpg> <E:/UWPhDWork/ModelFittingIFFL/MultiDox_pv_mod/Do
x2500pCont.jpg> <E:/UWPhDWork/ModelFittingIFFL/MultiDox_pv_mod/Dox5000pCont.jpg
> <E:/UWPhDWork/ModelFittingIFFL/MultiDox_pv_mod/Dox15000pCont.jpg> <E:/UWPhDWo
rk/ModelFittingIFFL/MultiDox_pv_mod/Dox1000000pCont.jpg>]
<MultiDox_pv_mod/multidoxplotmrna.jpg, id=64, 1204.5pt x 903.375pt>
File: MultiDox_pv_mod/multidoxplotmrna.jpg Graphic file (type jpg)

<use MultiDox_pv_mod/multidoxplotmrna.jpg>
Package pdftex.def Info: MultiDox_pv_mod/multidoxplotmrna.jpg used on input lin
e 311.
(pdftex.def)             Requested size: 180.6672pt x 135.5004pt.

<MultiDox_pv_mod/multidoxplot.jpg, id=65, 1204.5pt x 903.375pt>
File: MultiDox_pv_mod/multidoxplot.jpg Graphic file (type jpg)

<use MultiDox_pv_mod/multidoxplot.jpg>
Package pdftex.def Info: MultiDox_pv_mod/multidoxplot.jpg used on input line 31
2.
(pdftex.def)             Requested size: 180.6672pt x 135.5004pt.

<MultiDox_pv_mod/multidoxplotActualIncl.jpg, id=66, 1204.5pt x 903.375pt>
File: MultiDox_pv_mod/multidoxplotActualIncl.jpg Graphic file (type jpg)

<use MultiDox_pv_mod/multidoxplotActualIncl.jpg>
Package pdftex.def Info: MultiDox_pv_mod/multidoxplotActualIncl.jpg used on inp
ut line 313.
(pdftex.def)             Requested size: 180.6672pt x 135.5004pt.
 [7 <E:/UWPhDWork/ModelFittingIFFL/MultiDox_pv_mod/multidoxplotmrna.jpg> <E:/UW
PhDWork/ModelFittingIFFL/MultiDox_pv_mod/multidoxplot.jpg> <E:/UWPhDWork/ModelF
ittingIFFL/MultiDox_pv_mod/multidoxplotActualIncl.jpg>]
<MultiDox_p/Dox800pCont.jpg, id=71, 1204.5pt x 903.375pt>
File: MultiDox_p/Dox800pCont.jpg Graphic file (type jpg)

<use MultiDox_p/Dox800pCont.jpg>
Package pdftex.def Info: MultiDox_p/Dox800pCont.jpg used on input line 324.
(pdftex.def)             Requested size: 120.45705pt x 90.34279pt.

<MultiDox_p/Dox1000pCont.jpg, id=72, 1204.5pt x 903.375pt>
File: MultiDox_p/Dox1000pCont.jpg Graphic file (type jpg)

<use MultiDox_p/Dox1000pCont.jpg>
Package pdftex.def Info: MultiDox_p/Dox1000pCont.jpg used on input line 325.
(pdftex.def)             Requested size: 120.45705pt x 90.34279pt.

<MultiDox_p/Dox1500pCont.jpg, id=73, 1204.5pt x 903.375pt>
File: MultiDox_p/Dox1500pCont.jpg Graphic file (type jpg)

<use MultiDox_p/Dox1500pCont.jpg>
Package pdftex.def Info: MultiDox_p/Dox1500pCont.jpg used on input line 326.
(pdftex.def)             Requested size: 120.45705pt x 90.34279pt.

<MultiDox_p/Dox2000pCont.jpg, id=74, 1204.5pt x 903.375pt>
File: MultiDox_p/Dox2000pCont.jpg Graphic file (type jpg)

<use MultiDox_p/Dox2000pCont.jpg>
Package pdftex.def Info: MultiDox_p/Dox2000pCont.jpg used on input line 327.
(pdftex.def)             Requested size: 120.45705pt x 90.34279pt.

<MultiDox_p/Dox2500pCont.jpg, id=75, 1204.5pt x 903.375pt>
File: MultiDox_p/Dox2500pCont.jpg Graphic file (type jpg)

<use MultiDox_p/Dox2500pCont.jpg>
Package pdftex.def Info: MultiDox_p/Dox2500pCont.jpg used on input line 328.
(pdftex.def)             Requested size: 120.45705pt x 90.34279pt.

<MultiDox_p/Dox5000pCont.jpg, id=76, 1204.5pt x 903.375pt>
File: MultiDox_p/Dox5000pCont.jpg Graphic file (type jpg)

<use MultiDox_p/Dox5000pCont.jpg>
Package pdftex.def Info: MultiDox_p/Dox5000pCont.jpg used on input line 329.
(pdftex.def)             Requested size: 120.45705pt x 90.34279pt.

<MultiDox_p/Dox15000pCont.jpg, id=77, 1204.5pt x 903.375pt>
File: MultiDox_p/Dox15000pCont.jpg Graphic file (type jpg)

<use MultiDox_p/Dox15000pCont.jpg>
Package pdftex.def Info: MultiDox_p/Dox15000pCont.jpg used on input line 330.
(pdftex.def)             Requested size: 120.45705pt x 90.34279pt.

<MultiDox_p/Dox1000000pCont.jpg, id=78, 1204.5pt x 903.375pt>
File: MultiDox_p/Dox1000000pCont.jpg Graphic file (type jpg)

<use MultiDox_p/Dox1000000pCont.jpg>
Package pdftex.def Info: MultiDox_p/Dox1000000pCont.jpg used on input line 331.

(pdftex.def)             Requested size: 120.45705pt x 90.34279pt.
 [8 <E:/UWPhDWork/ModelFittingIFFL/MultiDox_p/Dox800pCont.jpg> <E:/UWPhDWork/Mo
delFittingIFFL/MultiDox_p/Dox1000pCont.jpg> <E:/UWPhDWork/ModelFittingIFFL/Mult
iDox_p/Dox1500pCont.jpg> <E:/UWPhDWork/ModelFittingIFFL/MultiDox_p/Dox2000pCont
.jpg> <E:/UWPhDWork/ModelFittingIFFL/MultiDox_p/Dox2500pCont.jpg> <E:/UWPhDWork
/ModelFittingIFFL/MultiDox_p/Dox5000pCont.jpg> <E:/UWPhDWork/ModelFittingIFFL/M
ultiDox_p/Dox15000pCont.jpg> <E:/UWPhDWork/ModelFittingIFFL/MultiDox_p/Dox10000
00pCont.jpg>]
<MultiDox_p/multidoxplotmrna.jpg, id=82, 1204.5pt x 903.375pt>
File: MultiDox_p/multidoxplotmrna.jpg Graphic file (type jpg)

<use MultiDox_p/multidoxplotmrna.jpg>
Package pdftex.def Info: MultiDox_p/multidoxplotmrna.jpg used on input line 339
.
(pdftex.def)             Requested size: 180.6672pt x 135.5004pt.

<MultiDox_p/multidoxplot.jpg, id=83, 1204.5pt x 903.375pt>
File: MultiDox_p/multidoxplot.jpg Graphic file (type jpg)

<use MultiDox_p/multidoxplot.jpg>
Package pdftex.def Info: MultiDox_p/multidoxplot.jpg used on input line 340.
(pdftex.def)             Requested size: 180.6672pt x 135.5004pt.

<MultiDox_p/multidoxplotActualIncl.jpg, id=84, 1204.5pt x 903.375pt>
File: MultiDox_p/multidoxplotActualIncl.jpg Graphic file (type jpg)

<use MultiDox_p/multidoxplotActualIncl.jpg>
Package pdftex.def Info: MultiDox_p/multidoxplotActualIncl.jpg used on input li
ne 341.
(pdftex.def)             Requested size: 180.6672pt x 135.5004pt.
 [9 <E:/UWPhDWork/ModelFittingIFFL/MultiDox_p/multidoxplotmrna.jpg> <E:/UWPhDWo
rk/ModelFittingIFFL/MultiDox_p/multidoxplot.jpg> <E:/UWPhDWork/ModelFittingIFFL
/MultiDox_p/multidoxplotActualIncl.jpg>] <MultiDox_d3/Dox800pCont.jpg, id=88, 1
204.5pt x 903.375pt>
File: MultiDox_d3/Dox800pCont.jpg Graphic file (type jpg)

<use MultiDox_d3/Dox800pCont.jpg>
Package pdftex.def Info: MultiDox_d3/Dox800pCont.jpg used on input line 350.
(pdftex.def)             Requested size: 120.45705pt x 90.34279pt.

<MultiDox_d3/Dox1000pCont.jpg, id=89, 1204.5pt x 903.375pt>
File: MultiDox_d3/Dox1000pCont.jpg Graphic file (type jpg)

<use MultiDox_d3/Dox1000pCont.jpg>
Package pdftex.def Info: MultiDox_d3/Dox1000pCont.jpg used on input line 351.
(pdftex.def)             Requested size: 120.45705pt x 90.34279pt.

<MultiDox_d3/Dox1500pCont.jpg, id=90, 1204.5pt x 903.375pt>
File: MultiDox_d3/Dox1500pCont.jpg Graphic file (type jpg)

<use MultiDox_d3/Dox1500pCont.jpg>
Package pdftex.def Info: MultiDox_d3/Dox1500pCont.jpg used on input line 352.
(pdftex.def)             Requested size: 120.45705pt x 90.34279pt.

<MultiDox_d3/Dox2000pCont.jpg, id=91, 1204.5pt x 903.375pt>
File: MultiDox_d3/Dox2000pCont.jpg Graphic file (type jpg)

<use MultiDox_d3/Dox2000pCont.jpg>
Package pdftex.def Info: MultiDox_d3/Dox2000pCont.jpg used on input line 353.
(pdftex.def)             Requested size: 120.45705pt x 90.34279pt.

<MultiDox_d3/Dox2500pCont.jpg, id=92, 1204.5pt x 903.375pt>
File: MultiDox_d3/Dox2500pCont.jpg Graphic file (type jpg)

<use MultiDox_d3/Dox2500pCont.jpg>
Package pdftex.def Info: MultiDox_d3/Dox2500pCont.jpg used on input line 354.
(pdftex.def)             Requested size: 120.45705pt x 90.34279pt.

<MultiDox_d3/Dox5000pCont.jpg, id=93, 1204.5pt x 903.375pt>
File: MultiDox_d3/Dox5000pCont.jpg Graphic file (type jpg)

<use MultiDox_d3/Dox5000pCont.jpg>
Package pdftex.def Info: MultiDox_d3/Dox5000pCont.jpg used on input line 355.
(pdftex.def)             Requested size: 120.45705pt x 90.34279pt.

<MultiDox_d3/Dox15000pCont.jpg, id=94, 1204.5pt x 903.375pt>
File: MultiDox_d3/Dox15000pCont.jpg Graphic file (type jpg)

<use MultiDox_d3/Dox15000pCont.jpg>
Package pdftex.def Info: MultiDox_d3/Dox15000pCont.jpg used on input line 356.
(pdftex.def)             Requested size: 120.45705pt x 90.34279pt.

<MultiDox_d3/Dox1000000pCont.jpg, id=95, 1204.5pt x 903.375pt>
File: MultiDox_d3/Dox1000000pCont.jpg Graphic file (type jpg)

<use MultiDox_d3/Dox1000000pCont.jpg>
Package pdftex.def Info: MultiDox_d3/Dox1000000pCont.jpg used on input line 357
.
(pdftex.def)             Requested size: 120.45705pt x 90.34279pt.
 [10 <E:/UWPhDWork/ModelFittingIFFL/MultiDox_d3/Dox800pCont.jpg> <E:/UWPhDWork/
ModelFittingIFFL/MultiDox_d3/Dox1000pCont.jpg> <E:/UWPhDWork/ModelFittingIFFL/M
ultiDox_d3/Dox1500pCont.jpg> <E:/UWPhDWork/ModelFittingIFFL/MultiDox_d3/Dox2000
pCont.jpg> <E:/UWPhDWork/ModelFittingIFFL/MultiDox_d3/Dox2500pCont.jpg> <E:/UWP
hDWork/ModelFittingIFFL/MultiDox_d3/Dox5000pCont.jpg> <E:/UWPhDWork/ModelFittin
gIFFL/MultiDox_d3/Dox15000pCont.jpg> <E:/UWPhDWork/ModelFittingIFFL/MultiDox_d3
/Dox1000000pCont.jpg>]
<MultiDox_d3/multidoxplotmrna.jpg, id=99, 1204.5pt x 903.375pt>
File: MultiDox_d3/multidoxplotmrna.jpg Graphic file (type jpg)

<use MultiDox_d3/multidoxplotmrna.jpg>
Package pdftex.def Info: MultiDox_d3/multidoxplotmrna.jpg used on input line 36
5.
(pdftex.def)             Requested size: 180.6672pt x 135.5004pt.

<MultiDox_d3/multidoxplot.jpg, id=100, 1204.5pt x 903.375pt>
File: MultiDox_d3/multidoxplot.jpg Graphic file (type jpg)

<use MultiDox_d3/multidoxplot.jpg>
Package pdftex.def Info: MultiDox_d3/multidoxplot.jpg used on input line 366.
(pdftex.def)             Requested size: 180.6672pt x 135.5004pt.

<MultiDox_d3/multidoxplotActualIncl.jpg, id=101, 1204.5pt x 903.375pt>
File: MultiDox_d3/multidoxplotActualIncl.jpg Graphic file (type jpg)

<use MultiDox_d3/multidoxplotActualIncl.jpg>
Package pdftex.def Info: MultiDox_d3/multidoxplotActualIncl.jpg used on input l
ine 367.
(pdftex.def)             Requested size: 180.6672pt x 135.5004pt.
 [11 <E:/UWPhDWork/ModelFittingIFFL/MultiDox_d3/multidoxplotmrna.jpg> <E:/UWPhD
Work/ModelFittingIFFL/MultiDox_d3/multidoxplot.jpg> <E:/UWPhDWork/ModelFittingI
FFL/MultiDox_d3/multidoxplotActualIncl.jpg>] <MultiDox_d23/Dox800pCont.jpg, id=
105, 1204.5pt x 903.375pt>
File: MultiDox_d23/Dox800pCont.jpg Graphic file (type jpg)

<use MultiDox_d23/Dox800pCont.jpg>
Package pdftex.def Info: MultiDox_d23/Dox800pCont.jpg used on input line 375.
(pdftex.def)             Requested size: 120.45705pt x 90.34279pt.

<MultiDox_d23/Dox1000pCont.jpg, id=106, 1204.5pt x 903.375pt>
File: MultiDox_d23/Dox1000pCont.jpg Graphic file (type jpg)

<use MultiDox_d23/Dox1000pCont.jpg>
Package pdftex.def Info: MultiDox_d23/Dox1000pCont.jpg used on input line 376.
(pdftex.def)             Requested size: 120.45705pt x 90.34279pt.

<MultiDox_d23/Dox1500pCont.jpg, id=107, 1204.5pt x 903.375pt>
File: MultiDox_d23/Dox1500pCont.jpg Graphic file (type jpg)

<use MultiDox_d23/Dox1500pCont.jpg>
Package pdftex.def Info: MultiDox_d23/Dox1500pCont.jpg used on input line 377.
(pdftex.def)             Requested size: 120.45705pt x 90.34279pt.

<MultiDox_d23/Dox2000pCont.jpg, id=108, 1204.5pt x 903.375pt>
File: MultiDox_d23/Dox2000pCont.jpg Graphic file (type jpg)

<use MultiDox_d23/Dox2000pCont.jpg>
Package pdftex.def Info: MultiDox_d23/Dox2000pCont.jpg used on input line 378.
(pdftex.def)             Requested size: 120.45705pt x 90.34279pt.

<MultiDox_d23/Dox2500pCont.jpg, id=109, 1204.5pt x 903.375pt>
File: MultiDox_d23/Dox2500pCont.jpg Graphic file (type jpg)

<use MultiDox_d23/Dox2500pCont.jpg>
Package pdftex.def Info: MultiDox_d23/Dox2500pCont.jpg used on input line 379.
(pdftex.def)             Requested size: 120.45705pt x 90.34279pt.

<MultiDox_d23/Dox5000pCont.jpg, id=110, 1204.5pt x 903.375pt>
File: MultiDox_d23/Dox5000pCont.jpg Graphic file (type jpg)

<use MultiDox_d23/Dox5000pCont.jpg>
Package pdftex.def Info: MultiDox_d23/Dox5000pCont.jpg used on input line 380.
(pdftex.def)             Requested size: 120.45705pt x 90.34279pt.

<MultiDox_d23/Dox15000pCont.jpg, id=111, 1204.5pt x 903.375pt>
File: MultiDox_d23/Dox15000pCont.jpg Graphic file (type jpg)

<use MultiDox_d23/Dox15000pCont.jpg>
Package pdftex.def Info: MultiDox_d23/Dox15000pCont.jpg used on input line 381.

(pdftex.def)             Requested size: 120.45705pt x 90.34279pt.

<MultiDox_d23/Dox1000000pCont.jpg, id=112, 1204.5pt x 903.375pt>
File: MultiDox_d23/Dox1000000pCont.jpg Graphic file (type jpg)

<use MultiDox_d23/Dox1000000pCont.jpg>
Package pdftex.def Info: MultiDox_d23/Dox1000000pCont.jpg used on input line 38
2.
(pdftex.def)             Requested size: 120.45705pt x 90.34279pt.
 [12 <E:/UWPhDWork/ModelFittingIFFL/MultiDox_d23/Dox800pCont.jpg> <E:/UWPhDWork
/ModelFittingIFFL/MultiDox_d23/Dox1000pCont.jpg> <E:/UWPhDWork/ModelFittingIFFL
/MultiDox_d23/Dox1500pCont.jpg> <E:/UWPhDWork/ModelFittingIFFL/MultiDox_d23/Dox
2000pCont.jpg> <E:/UWPhDWork/ModelFittingIFFL/MultiDox_d23/Dox2500pCont.jpg> <E
:/UWPhDWork/ModelFittingIFFL/MultiDox_d23/Dox5000pCont.jpg> <E:/UWPhDWork/Model
FittingIFFL/MultiDox_d23/Dox15000pCont.jpg> <E:/UWPhDWork/ModelFittingIFFL/Mult
iDox_d23/Dox1000000pCont.jpg>]
<MultiDox_d23/multidoxplotmrna.jpg, id=116, 1204.5pt x 903.375pt>
File: MultiDox_d23/multidoxplotmrna.jpg Graphic file (type jpg)

<use MultiDox_d23/multidoxplotmrna.jpg>
Package pdftex.def Info: MultiDox_d23/multidoxplotmrna.jpg used on input line 3
90.
(pdftex.def)             Requested size: 180.6672pt x 135.5004pt.

<MultiDox_d23/multidoxplot.jpg, id=117, 1204.5pt x 903.375pt>
File: MultiDox_d23/multidoxplot.jpg Graphic file (type jpg)

<use MultiDox_d23/multidoxplot.jpg>
Package pdftex.def Info: MultiDox_d23/multidoxplot.jpg used on input line 391.
(pdftex.def)             Requested size: 180.6672pt x 135.5004pt.

<MultiDox_d23/multidoxplotActualIncl.jpg, id=118, 1204.5pt x 903.375pt>
File: MultiDox_d23/multidoxplotActualIncl.jpg Graphic file (type jpg)

<use MultiDox_d23/multidoxplotActualIncl.jpg>
Package pdftex.def Info: MultiDox_d23/multidoxplotActualIncl.jpg used on input 
line 392.
(pdftex.def)             Requested size: 180.6672pt x 135.5004pt.
 [13 <E:/UWPhDWork/ModelFittingIFFL/MultiDox_d23/multidoxplotmrna.jpg> <E:/UWPh
DWork/ModelFittingIFFL/MultiDox_d23/multidoxplot.jpg> <E:/UWPhDWork/ModelFittin
gIFFL/MultiDox_d23/multidoxplotActualIncl.jpg>]
<MultiDox_pv_mod/DoxVsProteinIFFL.jpg, id=123, 1204.5pt x 903.375pt>
File: MultiDox_pv_mod/DoxVsProteinIFFL.jpg Graphic file (type jpg)

<use MultiDox_pv_mod/DoxVsProteinIFFL.jpg>
Package pdftex.def Info: MultiDox_pv_mod/DoxVsProteinIFFL.jpg used on input lin
e 402.
(pdftex.def)             Requested size: 180.6672pt x 135.5004pt.

<MultiDox_p/DoxVsProteinIFFL.jpg, id=124, 1204.5pt x 903.375pt>
File: MultiDox_p/DoxVsProteinIFFL.jpg Graphic file (type jpg)

<use MultiDox_p/DoxVsProteinIFFL.jpg>
Package pdftex.def Info: MultiDox_p/DoxVsProteinIFFL.jpg used on input line 403
.
(pdftex.def)             Requested size: 180.6672pt x 135.5004pt.

<MultiDox_d3/DoxVsProteinIFFL.jpg, id=125, 1204.5pt x 903.375pt>
File: MultiDox_d3/DoxVsProteinIFFL.jpg Graphic file (type jpg)

<use MultiDox_d3/DoxVsProteinIFFL.jpg>
Package pdftex.def Info: MultiDox_d3/DoxVsProteinIFFL.jpg used on input line 40
4.
(pdftex.def)             Requested size: 180.6672pt x 135.5004pt.

<MultiDox_d23/DoxVsProteinIFFL.jpg, id=126, 1204.5pt x 903.375pt>
File: MultiDox_d23/DoxVsProteinIFFL.jpg Graphic file (type jpg)

<use MultiDox_d23/DoxVsProteinIFFL.jpg>
Package pdftex.def Info: MultiDox_d23/DoxVsProteinIFFL.jpg used on input line 4
05.
(pdftex.def)             Requested size: 180.6672pt x 135.5004pt.
 [14 <E:/UWPhDWork/ModelFittingIFFL/MultiDox_pv_mod/DoxVsProteinIFFL.jpg> <E:/U
WPhDWork/ModelFittingIFFL/MultiDox_p/DoxVsProteinIFFL.jpg> <E:/UWPhDWork/ModelF
ittingIFFL/MultiDox_d3/DoxVsProteinIFFL.jpg> <E:/UWPhDWork/ModelFittingIFFL/Mul
tiDox_d23/DoxVsProteinIFFL.jpg>]
<MultiDox_pv_mod/AmVsDoxPred.jpg, id=133, 1204.5pt x 903.375pt>
File: MultiDox_pv_mod/AmVsDoxPred.jpg Graphic file (type jpg)

<use MultiDox_pv_mod/AmVsDoxPred.jpg>
Package pdftex.def Info: MultiDox_pv_mod/AmVsDoxPred.jpg used on input line 416
.
(pdftex.def)             Requested size: 180.6672pt x 135.5004pt.

<MultiDox_p/AmVsDoxPred.jpg, id=134, 1204.5pt x 903.375pt>
File: MultiDox_p/AmVsDoxPred.jpg Graphic file (type jpg)

<use MultiDox_p/AmVsDoxPred.jpg>
Package pdftex.def Info: MultiDox_p/AmVsDoxPred.jpg used on input line 417.
(pdftex.def)             Requested size: 180.6672pt x 135.5004pt.

<MultiDox_d3/AmVsDoxPred.jpg, id=135, 1204.5pt x 903.375pt>
File: MultiDox_d3/AmVsDoxPred.jpg Graphic file (type jpg)

<use MultiDox_d3/AmVsDoxPred.jpg>
Package pdftex.def Info: MultiDox_d3/AmVsDoxPred.jpg used on input line 418.
(pdftex.def)             Requested size: 180.6672pt x 135.5004pt.

<MultiDox_d23/AmVsDoxPred.jpg, id=136, 1204.5pt x 903.375pt>
File: MultiDox_d23/AmVsDoxPred.jpg Graphic file (type jpg)

<use MultiDox_d23/AmVsDoxPred.jpg>
Package pdftex.def Info: MultiDox_d23/AmVsDoxPred.jpg used on input line 419.
(pdftex.def)             Requested size: 180.6672pt x 135.5004pt.
 [15 <E:/UWPhDWork/ModelFittingIFFL/MultiDox_pv_mod/AmVsDoxPred.jpg> <E:/UWPhDW
ork/ModelFittingIFFL/MultiDox_p/AmVsDoxPred.jpg> <E:/UWPhDWork/ModelFittingIFFL
/MultiDox_d3/AmVsDoxPred.jpg> <E:/UWPhDWork/ModelFittingIFFL/MultiDox_d23/AmVsD
oxPred.jpg>]
<DocPics/miRNAtrans.png, id=140, 320.69812pt x 222.8325pt>
File: DocPics/miRNAtrans.png Graphic file (type png)

<use DocPics/miRNAtrans.png>
Package pdftex.def Info: DocPics/miRNAtrans.png used on input line 450.
(pdftex.def)             Requested size: 256.55884pt x 178.26624pt.
 [16 <E:/UWPhDWork/ModelFittingIFFL/DocPics/miRNAtrans.png>] ("E:\UWPhDWork\Mod
elFittingIFFL\Model Identificaiton.aux")

LaTeX Warning: There were multiply-defined labels.

 ) 
Here is how much of TeX's memory you used:
 2808 strings out of 494045
 44927 string characters out of 3148388
 100704 words of memory out of 3000000
 6058 multiletter control sequences out of 15000+200000
 9070 words of font info for 33 fonts, out of 3000000 for 9000
 715 hyphenation exceptions out of 8191
 34i,10n,24p,567b,256s stack positions out of 5000i,500n,10000p,200000b,50000s
<E:/Program Files/MiKTeX 2.9/fonts/type1/public/amsfonts/cm/cmbx10.pfb><E:/Pr
ogram Files/MiKTeX 2.9/fonts/type1/public/amsfonts/cm/cmbx12.pfb><E:/Program Fi
les/MiKTeX 2.9/fonts/type1/public/amsfonts/cm/cmex10.pfb><E:/Program Files/MiKT
eX 2.9/fonts/type1/public/amsfonts/cm/cmmi10.pfb><E:/Program Files/MiKTeX 2.9/f
onts/type1/public/amsfonts/cm/cmmi12.pfb><E:/Program Files/MiKTeX 2.9/fonts/typ
e1/public/amsfonts/cm/cmmi5.pfb><E:/Program Files/MiKTeX 2.9/fonts/type1/public
/amsfonts/cm/cmmi7.pfb><E:/Program Files/MiKTeX 2.9/fonts/type1/public/amsfonts
/cm/cmmi8.pfb><E:/Program Files/MiKTeX 2.9/fonts/type1/public/amsfonts/cm/cmr10
.pfb><E:/Program Files/MiKTeX 2.9/fonts/type1/public/amsfonts/cm/cmr7.pfb><E:/P
rogram Files/MiKTeX 2.9/fonts/type1/public/amsfonts/cm/cmr8.pfb><E:/Program Fil
es/MiKTeX 2.9/fonts/type1/public/amsfonts/cm/cmsy10.pfb>
Output written on "Model Identificaiton.pdf" (16 pages, 5591182 bytes).
PDF statistics:
 182 PDF objects out of 1000 (max. 8388607)
 0 named destinations out of 1000 (max. 500000)
 401 words of extra memory for PDF output out of 10000 (max. 10000000)

